<?xml version="1.0" encoding="UTF-8"?>
<!-- Generated by org.testng.reporters.JUnitXMLReporter -->
<testsuite ignored="0" hostname="LAPTOP-BG6GTRE3" failures="0" tests="6" name="Default test" time="20.319" errors="0" timestamp="2025-03-16T14:56:59 EET">
  <testcase classname="tests.LoginTest" name="verifyLogoIsDisplayed" time="0.039"/>
  <testcase classname="tests.LoginTest" name="clickSignInRegister" time="0.221"/>
  <testcase classname="tests.LoginTest" name="verifySignInPageText" time="1.064"/>
  <testcase classname="tests.LoginTest" name="enterCredentialsAndLogin" time="0.817"/>
  <testcase classname="tests.LoginTest" name="verifyLoginSuccess" time="3.469"/>
  <testcase classname="tests.LoginTest" name="verifyWelcomeMessage" time="2.208"/>
</testsuite> <!-- Default test -->
