<?xml version="1.0" encoding="UTF-8"?>
<testng-results ignored="0" total="6" passed="6" failed="0" skipped="0">
  <reporter-output>
  </reporter-output>
  <suite started-at="2025-03-16T14:56:39 EET" name="Default suite" finished-at="2025-03-16T14:56:59 EET" duration-ms="20319">
    <groups>
    </groups>
    <test started-at="2025-03-16T14:56:39 EET" name="Default test" finished-at="2025-03-16T14:56:59 EET" duration-ms="20319">
      <class name="tests.LoginTest">
        <test-method is-config="true" signature="setUp()[pri:0, instance:tests.LoginTest@57a3af25]" started-at="2025-03-16T14:56:39 EET" name="setUp" finished-at="2025-03-16T14:56:51 EET" duration-ms="12016" status="PASS">
          <reporter-output>
          </reporter-output>
        </test-method> <!-- setUp -->
        <test-method signature="verifyLogoIsDisplayed()[pri:1, instance:tests.LoginTest@57a3af25]" started-at="2025-03-16T14:56:51 EET" name="verifyLogoIsDisplayed" finished-at="2025-03-16T14:56:51 EET" duration-ms="39" status="PASS">
          <reporter-output>
          </reporter-output>
        </test-method> <!-- verifyLogoIsDisplayed -->
        <test-method signature="clickSignInRegister()[pri:2, instance:tests.LoginTest@57a3af25]" started-at="2025-03-16T14:56:51 EET" name="clickSignInRegister" finished-at="2025-03-16T14:56:51 EET" duration-ms="221" status="PASS">
          <reporter-output>
          </reporter-output>
        </test-method> <!-- clickSignInRegister -->
        <test-method signature="verifySignInPageText()[pri:3, instance:tests.LoginTest@57a3af25]" started-at="2025-03-16T14:56:51 EET" name="verifySignInPageText" finished-at="2025-03-16T14:56:52 EET" duration-ms="1064" status="PASS">
          <reporter-output>
          </reporter-output>
        </test-method> <!-- verifySignInPageText -->
        <test-method signature="enterCredentialsAndLogin()[pri:4, instance:tests.LoginTest@57a3af25]" started-at="2025-03-16T14:56:52 EET" name="enterCredentialsAndLogin" finished-at="2025-03-16T14:56:53 EET" duration-ms="817" status="PASS">
          <reporter-output>
          </reporter-output>
        </test-method> <!-- enterCredentialsAndLogin -->
        <test-method signature="verifyLoginSuccess()[pri:5, instance:tests.LoginTest@57a3af25]" started-at="2025-03-16T14:56:53 EET" name="verifyLoginSuccess" finished-at="2025-03-16T14:56:56 EET" duration-ms="3469" status="PASS">
          <reporter-output>
          </reporter-output>
        </test-method> <!-- verifyLoginSuccess -->
        <test-method signature="verifyWelcomeMessage()[pri:6, instance:tests.LoginTest@57a3af25]" started-at="2025-03-16T14:56:56 EET" name="verifyWelcomeMessage" finished-at="2025-03-16T14:56:59 EET" duration-ms="2208" status="PASS">
          <reporter-output>
          </reporter-output>
        </test-method> <!-- verifyWelcomeMessage -->
        <test-method is-config="true" signature="tearDown()[pri:0, instance:tests.LoginTest@57a3af25]" started-at="2025-03-16T14:56:59 EET" name="tearDown" finished-at="2025-03-16T14:56:59 EET" duration-ms="414" status="PASS">
          <reporter-output>
          </reporter-output>
        </test-method> <!-- tearDown -->
      </class> <!-- tests.LoginTest -->
    </test> <!-- Default test -->
  </suite> <!-- Default suite -->
</testng-results>
